TN:
SF:logic/utils.js
FN:11,(anonymous_0)
FN:12,(anonymous_1)
FN:17,getS3object
FN:31,(anonymous_3)
FN:36,download
FN:51,(anonymous_5)
FN:53,(anonymous_6)
FN:56,(anonymous_7)
FN:62,upload
FN:79,(anonymous_9)
FN:81,(anonymous_10)
FN:93,(anonymous_11)
FN:96,(anonymous_12)
FN:103,listObjects
FN:104,(anonymous_14)
FN:106,(anonymous_15)
FN:115,bytesToNiceFormat
FN:125,getS3directorylisting
FN:138,(anonymous_18)
FN:141,(anonymous_19)
FNF:20
FNH:4
FNDA:0,(anonymous_0)
FNDA:0,(anonymous_1)
FNDA:1,getS3object
FNDA:1,(anonymous_3)
FNDA:1,download
FNDA:1,(anonymous_5)
FNDA:0,(anonymous_6)
FNDA:0,(anonymous_7)
FNDA:0,upload
FNDA:0,(anonymous_9)
FNDA:0,(anonymous_10)
FNDA:0,(anonymous_11)
FNDA:0,(anonymous_12)
FNDA:0,listObjects
FNDA:0,(anonymous_14)
FNDA:0,(anonymous_15)
FNDA:0,bytesToNiceFormat
FNDA:0,getS3directorylisting
FNDA:0,(anonymous_18)
FNDA:0,(anonymous_19)
DA:1,1
DA:2,1
DA:3,1
DA:4,1
DA:6,1
DA:7,1
DA:8,1
DA:9,1
DA:10,1
DA:11,1
DA:12,1
DA:13,1
DA:14,1
DA:15,1
DA:18,1
DA:19,1
DA:20,0
DA:21,0
DA:24,1
DA:26,1
DA:30,1
DA:31,1
DA:32,1
DA:37,1
DA:38,1
DA:39,0
DA:40,0
DA:43,1
DA:45,1
DA:49,1
DA:50,1
DA:51,1
DA:52,1
DA:54,0
DA:57,0
DA:63,0
DA:64,0
DA:65,0
DA:66,0
DA:68,0
DA:69,0
DA:70,0
DA:71,0
DA:72,0
DA:73,0
DA:74,0
DA:79,0
DA:80,0
DA:82,0
DA:83,0
DA:89,0
DA:94,0
DA:97,0
DA:98,0
DA:104,0
DA:105,0
DA:107,0
DA:108,0
DA:116,0
DA:117,0
DA:118,0
DA:122,0
DA:126,0
DA:127,0
DA:128,0
DA:129,0
DA:131,0
DA:132,0
DA:135,0
DA:136,0
DA:138,0
DA:139,0
DA:140,0
DA:142,0
DA:143,0
DA:147,1
LF:76
LH:30
BRDA:3,0,0,1
BRDA:3,0,1,0
BRDA:12,1,0,0
BRDA:18,2,0,0
BRDA:18,2,1,1
BRDA:19,3,0,0
BRDA:19,3,1,1
BRDA:37,4,0,1
BRDA:37,4,1,0
BRDA:38,5,0,0
BRDA:38,5,1,1
BRDA:63,6,0,0
BRDA:63,6,1,0
BRDA:64,7,0,0
BRDA:64,7,1,0
BRDA:82,8,0,0
BRDA:82,8,1,0
BRDA:103,9,0,0
BRDA:108,10,0,0
BRDA:108,10,1,0
BRDA:116,11,0,0
BRDA:116,11,1,0
BRDA:117,12,0,0
BRDA:117,12,1,0
BRDA:122,13,0,0
BRDA:122,13,1,0
BRDA:122,14,0,0
BRDA:122,14,1,0
BRDA:126,15,0,0
BRDA:126,15,1,0
BRDA:127,16,0,0
BRDA:127,16,1,0
BRF:32
BRH:5
end_of_record
